
Dec 01, 2022 5:00:27 PM code.main.Main start
INFO: Початок роботи програми
Dec 01, 2022 5:00:29 PM code.controllers.MainController search
INFO: Пошук зобов'язання
Dec 01, 2022 5:00:32 PM code.controllers.MainController search
INFO: Пошук зобов'язання
Dec 01, 2022 5:00:41 PM code.commands.ReadDBCommand execute
INFO: Зчитування з бази даних
Dec 01, 2022 5:00:42 PM code.controllers.MainController sort
INFO: Сортування деривативу
Dec 01, 2022 5:00:43 PM code.controllers.MainController exit
INFO: Вихід з програми
Dec 01, 2022 5:28:15 PM code.main.Main start
INFO: Початок роботи програми
Dec 01, 2022 5:28:18 PM code.controllers.MainController exit
INFO: Вихід з програми
Dec 01, 2022 5:39:55 PM code.main.Main start
INFO: Початок роботи програми
Dec 01, 2022 5:39:58 PM code.controllers.MainController exit
INFO: Вихід з програми
Dec 01, 2022 5:51:18 PM code.main.Main start
INFO: Початок роботи програми
Dec 01, 2022 5:54:09 PM code.main.Main start
INFO: Початок роботи програми
Dec 01, 2022 5:54:24 PM code.main.Main start
INFO: Початок роботи програми
Dec 01, 2022 5:55:04 PM code.main.Main start
INFO: Початок роботи програми
Dec 01, 2022 5:55:31 PM code.main.Main start
INFO: Початок роботи програми
Dec 02, 2022 7:37:38 PM code.main.Main start
INFO: Початок роботи програми
Dec 02, 2022 8:02:57 PM code.main.Main start
INFO: Початок роботи програми
Dec 02, 2022 8:07:34 PM code.main.Main start
INFO: Початок роботи програми
Dec 02, 2022 8:07:37 PM code.controllers.MainController search
INFO: Пошук зобов'язання
Dec 02, 2022 8:08:44 PM code.main.Main start
INFO: Початок роботи програми
Dec 02, 2022 8:08:46 PM code.controllers.MainController search
INFO: Пошук зобов'язання
Dec 02, 2022 8:11:08 PM code.main.Main start
INFO: Початок роботи програми
Dec 02, 2022 8:17:58 PM code.main.Main start
INFO: Початок роботи програми
Dec 02, 2022 8:18:00 PM code.controllers.MainController search
INFO: Пошук зобов'язання
Dec 02, 2022 8:18:03 PM code.controllers.MainController exit
INFO: Вихід з програми
Dec 02, 2022 8:24:56 PM code.main.Main start
INFO: Початок роботи програми
Dec 02, 2022 8:26:09 PM code.main.Main start
INFO: Початок роботи програми
Dec 03, 2022 6:08:06 PM code.main.Main start
INFO: Початок роботи програми
Dec 03, 2022 6:32:36 PM code.main.Main start
INFO: Початок роботи програми
Dec 03, 2022 6:32:37 PM code.controllers.MainController search
INFO: Пошук зобов'язання
Dec 03, 2022 6:33:29 PM code.main.Main start
INFO: Початок роботи програми
Dec 03, 2022 6:33:59 PM code.main.Main start
INFO: Початок роботи програми
Dec 03, 2022 6:34:49 PM code.main.Main start
INFO: Початок роботи програми
Dec 03, 2022 6:36:26 PM code.main.Main start
INFO: Початок роботи програми
Dec 03, 2022 6:36:39 PM code.controllers.InsertController insert
INFO: Вставлення зобов'язання
Dec 03, 2022 6:36:48 PM code.controllers.MainController sort
INFO: Сортування деривативу
Dec 03, 2022 6:36:53 PM code.controllers.MainController saveToFile
INFO: Збереження в файл
Dec 03, 2022 6:37:10 PM code.commands.SaveCommand execute
INFO: Збереження в файл
Dec 03, 2022 6:39:42 PM code.main.Main start
INFO: Початок роботи програми
Dec 03, 2022 6:40:55 PM code.main.Main start
INFO: Початок роботи програми
Dec 03, 2022 6:41:45 PM code.main.Main start
INFO: Початок роботи програми
Dec 03, 2022 6:43:06 PM code.main.Main start
INFO: Початок роботи програми
Dec 03, 2022 6:43:08 PM code.commands.ReadDBCommand execute
INFO: Зчитування з бази даних
Dec 03, 2022 6:43:41 PM code.controllers.MainController search
INFO: Пошук зобов'язання
Dec 03, 2022 6:44:28 PM code.controllers.MainController sort
INFO: Сортування деривативу
Dec 03, 2022 6:44:38 PM code.controllers.MainController exit
INFO: Вихід з програми
Dec 03, 2022 6:46:28 PM code.main.Main start
INFO: Початок роботи програми
Dec 03, 2022 6:46:42 PM code.main.Main start
INFO: Початок роботи програми
Dec 03, 2022 6:46:58 PM code.main.Main start
INFO: Початок роботи програми
Dec 03, 2022 6:47:05 PM code.commands.ReadDBCommand execute
INFO: Зчитування з бази даних
Dec 03, 2022 9:30:12 PM code.main.Main start
INFO: Початок роботи програми
Dec 03, 2022 9:30:15 PM code.commands.ReadDBCommand execute
INFO: Зчитування з бази даних
Dec 03, 2022 9:31:38 PM code.main.Main start
INFO: Початок роботи програми
Dec 03, 2022 9:32:18 PM code.main.Main start
INFO: Початок роботи програми
Dec 03, 2022 9:32:23 PM code.controllers.MainController search
INFO: Пошук зобов'язання
Dec 03, 2022 9:32:43 PM code.main.Main start
INFO: Початок роботи програми
Dec 03, 2022 9:32:46 PM code.controllers.MainController exit
INFO: Вихід з програми
Dec 03, 2022 9:34:24 PM code.main.Main start
INFO: Початок роботи програми
Dec 03, 2022 9:34:25 PM code.controllers.MainController search
INFO: Пошук зобов'язання
Dec 03, 2022 9:50:31 PM code.main.Main start
INFO: Початок роботи програми
Dec 03, 2022 9:50:33 PM code.controllers.MainController search
INFO: Пошук зобов'язання
Dec 03, 2022 10:55:18 PM code.main.Main start
INFO: Початок роботи програми
Dec 03, 2022 10:55:24 PM code.main.Main start
INFO: Початок роботи програми
Dec 03, 2022 10:55:57 PM code.controllers.MainController search
INFO: Пошук зобов'язання
Dec 03, 2022 10:56:01 PM code.commands.ReadDBCommand execute
INFO: Зчитування з бази даних
Dec 03, 2022 10:56:10 PM code.controllers.MainController sort
INFO: Сортування деривативу
Dec 03, 2022 10:56:19 PM code.controllers.MainController search
INFO: Пошук зобов'язання
Dec 03, 2022 10:56:41 PM code.controllers.MainController search
INFO: Пошук зобов'язання
Dec 03, 2022 10:56:57 PM code.controllers.MainController exit
INFO: Вихід з програми
Dec 04, 2022 2:55:17 PM code.main.Main start
INFO: Початок роботи програми
Dec 04, 2022 2:55:23 PM code.main.Main start
INFO: Початок роботи програми
Dec 04, 2022 3:57:37 PM code.main.Main start
INFO: Початок роботи програми
Dec 04, 2022 3:57:42 PM code.commands.ReadDBCommand execute
INFO: Зчитування з бази даних
Dec 04, 2022 3:58:03 PM code.main.Main start
INFO: Початок роботи програми
Dec 04, 2022 3:58:23 PM code.main.Main start
INFO: Початок роботи програми
Dec 04, 2022 3:58:27 PM code.commands.ReadDBCommand execute
INFO: Зчитування з бази даних
Dec 04, 2022 3:58:47 PM code.main.Main start
INFO: Початок роботи програми
Dec 04, 2022 3:58:49 PM code.commands.ReadDBCommand execute
INFO: Зчитування з бази даних
Dec 04, 2022 4:00:45 PM code.main.Main start
INFO: Початок роботи програми
Dec 04, 2022 4:00:49 PM code.commands.ReadDBCommand execute
INFO: Зчитування з бази даних
Dec 04, 2022 4:01:03 PM code.commands.ReadDBCommand execute
INFO: Зчитування з бази даних
Dec 04, 2022 4:01:54 PM code.main.Main start
INFO: Початок роботи програми
Dec 04, 2022 4:02:23 PM code.main.Main start
INFO: Початок роботи програми
Dec 04, 2022 4:02:30 PM code.commands.ReadDBCommand execute
INFO: Зчитування з бази даних
Dec 04, 2022 4:50:25 PM code.main.Main start
INFO: Початок роботи програми
Dec 04, 2022 4:50:27 PM code.controllers.MainController search
INFO: Пошук зобов'язання
Dec 04, 2022 4:50:28 PM code.controllers.MainController exit
INFO: Вихід з програми
Dec 04, 2022 5:16:58 PM code.main.Main start
INFO: Початок роботи програми
Dec 04, 2022 5:18:23 PM code.controllers.MainController search
INFO: Пошук зобов'язання
Dec 04, 2022 5:19:20 PM code.controllers.InsertController insert
INFO: Вставлення зобов'язання
Dec 04, 2022 5:21:48 PM code.controllers.InsertController insert
INFO: Вставлення зобов'язання
Dec 04, 2022 5:24:33 PM code.main.Main start
INFO: Початок роботи програми
Dec 04, 2022 5:24:35 PM code.controllers.MainController search
INFO: Пошук зобов'язання
Dec 04, 2022 5:28:34 PM code.main.Main start
INFO: Початок роботи програми
Dec 04, 2022 5:28:49 PM code.controllers.MainController search
INFO: Пошук зобов'язання
Dec 04, 2022 5:29:24 PM code.controllers.InsertController insert
INFO: Вставлення зобов'язання
Dec 04, 2022 5:31:01 PM code.controllers.InsertController insert
INFO: Вставлення зобов'язання
Dec 04, 2022 5:32:34 PM code.controllers.DeleteController delete
INFO: Видалення зобов'язання
Dec 04, 2022 8:09:10 PM code.main.Main start
INFO: Початок роботи програми
Dec 04, 2022 8:09:19 PM code.controllers.MainController search
INFO: Пошук зобов'язання
Dec 04, 2022 8:09:40 PM code.controllers.InsertController insert
INFO: Вставлення зобов'язання
Dec 04, 2022 8:10:37 PM code.controllers.MainController search
INFO: Пошук зобов'язання
Dec 04, 2022 8:11:02 PM code.controllers.InsertController insert
INFO: Вставлення зобов'язання
Dec 04, 2022 8:11:35 PM code.controllers.InsertController insert
INFO: Вставлення зобов'язання
Dec 04, 2022 8:11:44 PM code.controllers.MainController search
INFO: Пошук зобов'язання
Dec 04, 2022 8:15:04 PM code.main.Main start
INFO: Початок роботи програми
Dec 04, 2022 8:15:07 PM code.commands.ReadDBCommand execute
INFO: Зчитування з бази даних
Dec 04, 2022 8:15:08 PM code.controllers.MainController search
INFO: Пошук зобов'язання
Dec 04, 2022 8:15:17 PM code.controllers.MainController exit
INFO: Вихід з програми
Dec 04, 2022 8:16:55 PM code.main.Main start
INFO: Початок роботи програми
Dec 04, 2022 8:16:57 PM code.commands.ReadDBCommand execute
INFO: Зчитування з бази даних
Dec 04, 2022 8:16:58 PM code.controllers.MainController search
INFO: Пошук зобов'язання
Dec 04, 2022 8:17:27 PM code.main.Main start
INFO: Початок роботи програми
Dec 04, 2022 8:17:28 PM code.controllers.MainController search
INFO: Пошук зобов'язання
Dec 04, 2022 8:17:38 PM code.commands.ReadDBCommand execute
INFO: Зчитування з бази даних
Dec 04, 2022 8:17:43 PM code.controllers.MainController search
INFO: Пошук зобов'язання
Dec 04, 2022 8:26:08 PM code.main.Main start
INFO: Початок роботи програми
Dec 04, 2022 8:26:55 PM code.commands.ReadDBCommand execute
INFO: Зчитування з бази даних
Dec 04, 2022 8:28:02 PM code.controllers.MainController sort
INFO: Сортування деривативу
Dec 04, 2022 8:28:48 PM code.controllers.MainController saveToFile
INFO: Збереження в файл
Dec 04, 2022 8:29:10 PM code.commands.SaveCommand execute
INFO: Збереження в файл
Dec 04, 2022 8:34:49 PM code.commands.ReadFileCommand execute
INFO: Зчитування з файлу
Dec 04, 2022 8:35:46 PM code.controllers.MainController exit
INFO: Вихід з програми
Dec 04, 2022 8:35:52 PM code.main.Main start
INFO: Початок роботи програми
Dec 04, 2022 8:35:59 PM code.commands.ReadFileCommand execute
INFO: Зчитування з файлу
Dec 04, 2022 8:36:15 PM code.commands.SaveDBCommand execute
INFO: Збереження в базу даних
Dec 04, 2022 8:40:08 PM code.controllers.MainController exit
INFO: Вихід з програми
